error: Usuario no encontrado
error: Usuario no encontrado
error: Esto es un mensaje error
error: Esto es un mensaje error
error: Esto es un mensaje error
error: Esto es un mensaje error
error: Esto es un mensaje debug
error: Esto es un mensaje debug
error: Esto es un mensaje debug
error: Esto es un mensaje debug
error: Esto es un mensaje error
error: Esto es un mensaje error
error: Esto es un mensaje error
error: Esto es un mensaje error
fatal: Esto es un mensaje fatal
error: undefined {"code":4,"name":"Error Product"}
error: undefined {"code":4,"name":"Error Product"}
error: Usuario no encontrado
error: Cannot read properties of null (reading 'password') Cannot read properties of null (reading 'password') {"stack":"TypeError: Cannot read properties of null (reading 'password')\n    at isValidPassword (file:///C:/Users/mauro/OneDrive/Documentos/Curso%20Backend/Node/1-Pre-Entrega/src/utils.js:30:86)\n    at login (file:///C:/Users/mauro/OneDrive/Documentos/Curso%20Backend/Node/1-Pre-Entrega/src/Controllers/user.controller.js:15:10)\n    at process.processTicksAndRejections (node:internal/process/task_queues:95:5)"}
error: Cannot read properties of undefined (reading 'error') Cannot read properties of undefined (reading 'error') {"stack":"TypeError: Cannot read properties of undefined (reading 'error')\n    at login (file:///C:/Users/mauro/OneDrive/Documentos/Curso%20Backend/Node/1-Pre-Entrega/src/Controllers/user.controller.js:11:15)\n    at Layer.handle [as handle_request] (C:\\Users\\mauro\\OneDrive\\Documentos\\Curso Backend\\Node\\1-Pre-Entrega\\node_modules\\express\\lib\\router\\layer.js:95:5)\n    at next (C:\\Users\\mauro\\OneDrive\\Documentos\\Curso Backend\\Node\\1-Pre-Entrega\\node_modules\\express\\lib\\router\\route.js:144:13)\n    at Route.dispatch (C:\\Users\\mauro\\OneDrive\\Documentos\\Curso Backend\\Node\\1-Pre-Entrega\\node_modules\\express\\lib\\router\\route.js:114:3)\n    at Layer.handle [as handle_request] (C:\\Users\\mauro\\OneDrive\\Documentos\\Curso Backend\\Node\\1-Pre-Entrega\\node_modules\\express\\lib\\router\\layer.js:95:5)\n    at C:\\Users\\mauro\\OneDrive\\Documentos\\Curso Backend\\Node\\1-Pre-Entrega\\node_modules\\express\\lib\\router\\index.js:284:15\n    at Function.process_params (C:\\Users\\mauro\\OneDrive\\Documentos\\Curso Backend\\Node\\1-Pre-Entrega\\node_modules\\express\\lib\\router\\index.js:346:12)\n    at next (C:\\Users\\mauro\\OneDrive\\Documentos\\Curso Backend\\Node\\1-Pre-Entrega\\node_modules\\express\\lib\\router\\index.js:280:10)\n    at Function.handle (C:\\Users\\mauro\\OneDrive\\Documentos\\Curso Backend\\Node\\1-Pre-Entrega\\node_modules\\express\\lib\\router\\index.js:175:3)\n    at router (C:\\Users\\mauro\\OneDrive\\Documentos\\Curso Backend\\Node\\1-Pre-Entrega\\node_modules\\express\\lib\\router\\index.js:47:12)"}
error: Falta completar datos
error: Usuario no encontrado
error: Password incorrecto
error: Faltan datos
error: Faltan datos
error: Error:  getaddrinfo ENOTFOUND monguito {"reason":{"commonWireVersion":0,"compatible":true,"heartbeatFrequencyMS":10000,"localThresholdMS":15,"logicalSessionTimeoutMinutes":null,"maxElectionId":null,"maxSetVersion":null,"servers":{},"setName":null,"stale":false,"type":"Unknown"},"stack":"MongooseServerSelectionError: getaddrinfo ENOTFOUND monguito\n    at _handleConnectionErrors (C:\\Users\\mauro\\OneDrive\\Documentos\\Curso Backend\\Node\\1-Pre-Entrega\\node_modules\\mongoose\\lib\\connection.js:792:11)\n    at NativeConnection.openUri (C:\\Users\\mauro\\OneDrive\\Documentos\\Curso Backend\\Node\\1-Pre-Entrega\\node_modules\\mongoose\\lib\\connection.js:767:11)\n    at process.processTicksAndRejections (node:internal/process/task_queues:95:5)\n    at async conection (file:///C:/Users/mauro/OneDrive/Documentos/Curso%20Backend/Node/1-Pre-Entrega/src/config/db.config.js:9:18)"}
error: undefined
error: undefined
error: undefined
error: undefined
error: undefined
error: undefined
error: Falta completar datos
error: undefined
error: undefined
error: Invalid Token
error: Password incorrecto
error: undefined
error: undefined {"code":"ERR_HTTP_HEADERS_SENT"}
error: undefined {"code":"ERR_HTTP_HEADERS_SENT"}
error: undefined {"code":"ERR_HTTP_HEADERS_SENT"}
error: undefined {"code":"ERR_HTTP_HEADERS_SENT"}
error: Invalid Token
error: undefined {"code":"ERR_HTTP_HEADERS_SENT"}
error: undefined {"code":"ERR_HTTP_HEADERS_SENT"}
error: Falta completar datos
error: undefined {"_message":"products validation failed","errors":{"owner":{"kind":"ObjectId","message":"Cast to ObjectId failed for value \"admin\" (type string) at path \"owner\" because of \"BSONError\"","name":"CastError","path":"owner","reason":{},"stringValue":"\"admin\"","value":"admin","valueType":"string"}}}
error: Error al actualiza el producto Model.findByIdAndUpdate() no longer accepts a callback {"stack":"MongooseError: Model.findByIdAndUpdate() no longer accepts a callback\n    at Model.findByIdAndUpdate (C:\\Users\\mauro\\OneDrive\\Documentos\\Curso Backend\\Node\\1-Pre-Entrega\\node_modules\\mongoose\\lib\\model.js:2499:11)\n    at Module.updateProduct (file:///C:/Users/mauro/OneDrive/Documentos/Curso%20Backend/Node/1-Pre-Entrega/src/services/products.services.js:8:85)\n    at updateProduct (file:///C:/Users/mauro/OneDrive/Documentos/Curso%20Backend/Node/1-Pre-Entrega/src/Controllers/product.controller.js:88:41)\n    at Layer.handle [as handle_request] (C:\\Users\\mauro\\OneDrive\\Documentos\\Curso Backend\\Node\\1-Pre-Entrega\\node_modules\\express\\lib\\router\\layer.js:95:5)\n    at next (C:\\Users\\mauro\\OneDrive\\Documentos\\Curso Backend\\Node\\1-Pre-Entrega\\node_modules\\express\\lib\\router\\route.js:144:13)\n    at isOwnerProduct (file:///C:/Users/mauro/OneDrive/Documentos/Curso%20Backend/Node/1-Pre-Entrega/src/middlewares/user.middleware.js:43:40)\n    at Layer.handle [as handle_request] (C:\\Users\\mauro\\OneDrive\\Documentos\\Curso Backend\\Node\\1-Pre-Entrega\\node_modules\\express\\lib\\router\\layer.js:95:5)\n    at next (C:\\Users\\mauro\\OneDrive\\Documentos\\Curso Backend\\Node\\1-Pre-Entrega\\node_modules\\express\\lib\\router\\route.js:144:13)\n    at file:///C:/Users/mauro/OneDrive/Documentos/Curso%20Backend/Node/1-Pre-Entrega/src/middlewares/user.middleware.js:11:14\n    at strategy.success (C:\\Users\\mauro\\OneDrive\\Documentos\\Curso Backend\\Node\\1-Pre-Entrega\\node_modules\\passport\\lib\\middleware\\authenticate.js:222:18)"}
error: Error al actualiza el producto Model.findByIdAndUpdate() no longer accepts a callback {"stack":"MongooseError: Model.findByIdAndUpdate() no longer accepts a callback\n    at Model.findByIdAndUpdate (C:\\Users\\mauro\\OneDrive\\Documentos\\Curso Backend\\Node\\1-Pre-Entrega\\node_modules\\mongoose\\lib\\model.js:2499:11)\n    at Module.updateProduct (file:///C:/Users/mauro/OneDrive/Documentos/Curso%20Backend/Node/1-Pre-Entrega/src/services/products.services.js:8:85)\n    at updateProduct (file:///C:/Users/mauro/OneDrive/Documentos/Curso%20Backend/Node/1-Pre-Entrega/src/Controllers/product.controller.js:88:41)\n    at Layer.handle [as handle_request] (C:\\Users\\mauro\\OneDrive\\Documentos\\Curso Backend\\Node\\1-Pre-Entrega\\node_modules\\express\\lib\\router\\layer.js:95:5)\n    at next (C:\\Users\\mauro\\OneDrive\\Documentos\\Curso Backend\\Node\\1-Pre-Entrega\\node_modules\\express\\lib\\router\\route.js:144:13)\n    at isOwnerProduct (file:///C:/Users/mauro/OneDrive/Documentos/Curso%20Backend/Node/1-Pre-Entrega/src/middlewares/user.middleware.js:43:40)\n    at Layer.handle [as handle_request] (C:\\Users\\mauro\\OneDrive\\Documentos\\Curso Backend\\Node\\1-Pre-Entrega\\node_modules\\express\\lib\\router\\layer.js:95:5)\n    at next (C:\\Users\\mauro\\OneDrive\\Documentos\\Curso Backend\\Node\\1-Pre-Entrega\\node_modules\\express\\lib\\router\\route.js:144:13)\n    at file:///C:/Users/mauro/OneDrive/Documentos/Curso%20Backend/Node/1-Pre-Entrega/src/middlewares/user.middleware.js:11:14\n    at strategy.success (C:\\Users\\mauro\\OneDrive\\Documentos\\Curso Backend\\Node\\1-Pre-Entrega\\node_modules\\passport\\lib\\middleware\\authenticate.js:222:18)"}
error: Error al actualiza el producto Model.findByIdAndUpdate() no longer accepts a callback {"stack":"MongooseError: Model.findByIdAndUpdate() no longer accepts a callback\n    at Model.findByIdAndUpdate (C:\\Users\\mauro\\OneDrive\\Documentos\\Curso Backend\\Node\\1-Pre-Entrega\\node_modules\\mongoose\\lib\\model.js:2499:11)\n    at Module.updateProduct (file:///C:/Users/mauro/OneDrive/Documentos/Curso%20Backend/Node/1-Pre-Entrega/src/services/products.services.js:8:85)\n    at updateProduct (file:///C:/Users/mauro/OneDrive/Documentos/Curso%20Backend/Node/1-Pre-Entrega/src/Controllers/product.controller.js:88:41)\n    at Layer.handle [as handle_request] (C:\\Users\\mauro\\OneDrive\\Documentos\\Curso Backend\\Node\\1-Pre-Entrega\\node_modules\\express\\lib\\router\\layer.js:95:5)\n    at next (C:\\Users\\mauro\\OneDrive\\Documentos\\Curso Backend\\Node\\1-Pre-Entrega\\node_modules\\express\\lib\\router\\route.js:144:13)\n    at isOwnerProduct (file:///C:/Users/mauro/OneDrive/Documentos/Curso%20Backend/Node/1-Pre-Entrega/src/middlewares/user.middleware.js:44:40)\n    at Layer.handle [as handle_request] (C:\\Users\\mauro\\OneDrive\\Documentos\\Curso Backend\\Node\\1-Pre-Entrega\\node_modules\\express\\lib\\router\\layer.js:95:5)\n    at next (C:\\Users\\mauro\\OneDrive\\Documentos\\Curso Backend\\Node\\1-Pre-Entrega\\node_modules\\express\\lib\\router\\route.js:144:13)\n    at file:///C:/Users/mauro/OneDrive/Documentos/Curso%20Backend/Node/1-Pre-Entrega/src/middlewares/user.middleware.js:11:14\n    at strategy.success (C:\\Users\\mauro\\OneDrive\\Documentos\\Curso Backend\\Node\\1-Pre-Entrega\\node_modules\\passport\\lib\\middleware\\authenticate.js:222:18)"}
error: Falta completar datos
error: undefined
error: cart is not defined
error: cart is not defined
error: Cannot read properties of undefined (reading 'cart')
error: Cannot read properties of undefined (reading 'cart')
error: Stock insuficiente en el producto Acondicionador Sólido Té Verde,Stock insuficiente en el producto Acondicionador sólido Aceite de Almendras
error: Cannot read properties of undefined (reading 'cart')
error: Cannot read properties of undefined (reading 'cart')
error: Cannot set properties of undefined (setting 'cart')
error: ticket is not defined
error: cart is not defined
error: Cannot set properties of undefined (setting 'cart')
error: Cannot set properties of undefined (setting 'cart')
error: Cannot set properties of undefined (setting 'cart')
error: Cannot set properties of undefined (setting 'cart')
error: undefined {"kind":"ObjectId","path":"_id","reason":{},"stringValue":"\"{ user: '64b9a5ca8c60201c0cc717fb' }\"","value":{"user":"64b9a5ca8c60201c0cc717fb"},"valueType":"Object"}
error: undefined
error: undefined
error: userId is not defined
error: ObjectId is not defined
error: Cast to ObjectId failed for value "{ user: '64b9a5ca8c60201c0cc717fb' }" (type Object) at path "_id" for model "carts"
error: Cast to ObjectId failed for value "{ user: '64b9a5ca8c60201c0cc717fb' }" (type Object) at path "_id" for model "carts"
error: Cast to ObjectId failed for value "{ user: '64b9a5ca8c60201c0cc717fb' }" (type Object) at path "_id" for model "carts"
error: undefined
error: Cannot read properties of null (reading 'Cart')
error: Cannot read properties of null (reading '_id')
error: Cannot read properties of null (reading '_id')
error: Cannot read properties of null (reading '_id')
error: cid is not defined
error: Cannot read properties of null (reading '_id')
error: Cannot read properties of null (reading '_id')
error: Cast to ObjectId failed for value "fffff" (type string) at path "_id" for model "carts"
